{"/Users/Lateefah Amuda/Desktop/pizza_place/src/app.js":{"path":"/Users/Lateefah Amuda/Desktop/pizza_place/src/app.js","statementMap":{"0":{"start":{"line":3,"column":0},"end":{"line":5,"column":3}},"1":{"start":{"line":6,"column":0},"end":{"line":6,"column":28}},"2":{"start":{"line":8,"column":0},"end":{"line":8,"column":26}},"3":{"start":{"line":10,"column":15},"end":{"line":10,"column":57}},"4":{"start":{"line":12,"column":18},"end":{"line":12,"column":64}},"5":{"start":{"line":14,"column":12},"end":{"line":14,"column":51}},"6":{"start":{"line":16,"column":14},"end":{"line":16,"column":55}},"7":{"start":{"line":18,"column":14},"end":{"line":18,"column":55}},"8":{"start":{"line":20,"column":14},"end":{"line":20,"column":57}},"9":{"start":{"line":22,"column":39},"end":{"line":22,"column":95}},"10":{"start":{"line":24,"column":0},"end":{"line":24,"column":28}},"11":{"start":{"line":26,"column":10},"end":{"line":26,"column":36}},"12":{"start":{"line":27,"column":0},"end":{"line":31,"column":3}},"13":{"start":{"line":28,"column":2},"end":{"line":30,"column":5}},"14":{"start":{"line":32,"column":0},"end":{"line":32,"column":26}},"15":{"start":{"line":34,"column":0},"end":{"line":34,"column":33}},"16":{"start":{"line":36,"column":19},"end":{"line":36,"column":73}},"17":{"start":{"line":37,"column":0},"end":{"line":37,"column":47}},"18":{"start":{"line":39,"column":0},"end":{"line":39,"column":39}},"19":{"start":{"line":40,"column":0},"end":{"line":42,"column":4}},"20":{"start":{"line":44,"column":0},"end":{"line":44,"column":40}},"21":{"start":{"line":46,"column":0},"end":{"line":50,"column":3}},"22":{"start":{"line":47,"column":2},"end":{"line":49,"column":5}},"23":{"start":{"line":51,"column":15},"end":{"line":51,"column":50}},"24":{"start":{"line":52,"column":11},"end":{"line":52,"column":35}},"25":{"start":{"line":53,"column":0},"end":{"line":56,"column":3}},"26":{"start":{"line":55,"column":2},"end":{"line":55,"column":73}},"27":{"start":{"line":57,"column":15},"end":{"line":57,"column":18}},"28":{"start":{"line":58,"column":0},"end":{"line":58,"column":30}}},"fnMap":{"0":{"name":"_interopRequireDefault","decl":{"start":{"line":22,"column":9},"end":{"line":22,"column":31}},"loc":{"start":{"line":22,"column":37},"end":{"line":22,"column":97}},"line":22},"1":{"name":"(anonymous_1)","decl":{"start":{"line":27,"column":19},"end":{"line":27,"column":20}},"loc":{"start":{"line":27,"column":39},"end":{"line":31,"column":1}},"line":27},"2":{"name":"(anonymous_2)","decl":{"start":{"line":46,"column":13},"end":{"line":46,"column":14}},"loc":{"start":{"line":46,"column":33},"end":{"line":50,"column":1}},"line":46},"3":{"name":"(anonymous_3)","decl":{"start":{"line":53,"column":17},"end":{"line":53,"column":18}},"loc":{"start":{"line":53,"column":29},"end":{"line":56,"column":1}},"line":53}},"branchMap":{"0":{"loc":{"start":{"line":22,"column":46},"end":{"line":22,"column":94}},"type":"cond-expr","locations":[{"start":{"line":22,"column":70},"end":{"line":22,"column":73}},{"start":{"line":22,"column":76},"end":{"line":22,"column":94}}],"line":22},"1":{"loc":{"start":{"line":22,"column":46},"end":{"line":22,"column":67}},"type":"binary-expr","locations":[{"start":{"line":22,"column":46},"end":{"line":22,"column":49}},{"start":{"line":22,"column":53},"end":{"line":22,"column":67}}],"line":22},"2":{"loc":{"start":{"line":51,"column":15},"end":{"line":51,"column":50}},"type":"binary-expr","locations":[{"start":{"line":51,"column":15},"end":{"line":51,"column":35}},{"start":{"line":51,"column":39},"end":{"line":51,"column":50}}],"line":51},"3":{"loc":{"start":{"line":52,"column":11},"end":{"line":52,"column":35}},"type":"binary-expr","locations":[{"start":{"line":52,"column":11},"end":{"line":52,"column":27}},{"start":{"line":52,"column":31},"end":{"line":52,"column":35}}],"line":52}},"s":{"0":1,"1":1,"2":1,"3":1,"4":1,"5":1,"6":1,"7":1,"8":1,"9":6,"10":1,"11":1,"12":1,"13":1,"14":1,"15":1,"16":1,"17":1,"18":1,"19":1,"20":1,"21":1,"22":1,"23":1,"24":1,"25":1,"26":1,"27":1,"28":1},"f":{"0":6,"1":1,"2":1,"3":1},"b":{"0":[1,5],"1":[6,6],"2":[1,1],"3":[1,1]},"inputSourceMap":{"version":3,"sources":["app.js"],"names":["dotenv","config","app","get","req","res","status","json","message","enable","use","loggerFormat","bodyParser","urlencoded","extended","routes","hostname","process","env","port","PORT","listen","console","log"],"mappings":";;;;;;;AAAA;;AACA;;AACA;;AACA;;AACA;;AACA;;AACA;;;;AAEAA,mBAAOC,MAAP;;AAEA,IAAMC,GAAG,GAAG,0BAAZ;AAEAA,GAAG,CAACC,GAAJ,CAAQ,SAAR,EAAmB,UAACC,GAAD,EAAMC,GAAN;AAAA,SACjBA,GAAG,CAACC,MAAJ,CAAW,GAAX,EAAgBC,IAAhB,CAAqB;AAAEC,IAAAA,OAAO,EAAE;AAAX,GAArB,CADiB;AAAA,CAAnB;AAGAN,GAAG,CAACO,MAAJ,CAAW,aAAX,E,CACA;;AACAP,GAAG,CAACQ,GAAJ,CAAQ,uBAAR,E,CAEA;;AACA,IAAMC,YAAY,GAAG,sDAArB;AAEAT,GAAG,CAACQ,GAAJ,CAAQ,wBAAOC,YAAP,CAAR,E,CAEA;;AACAT,GAAG,CAACQ,GAAJ,CAAQE,uBAAWL,IAAX,EAAR;AACAL,GAAG,CAACQ,GAAJ,CAAQE,uBAAWC,UAAX,CAAsB;AAAEC,EAAAA,QAAQ,EAAE;AAAZ,CAAtB,CAAR,E,CAEA;;AACAZ,GAAG,CAACQ,GAAJ,CAAQ,UAAR,EAAoBK,kBAApB,E,CAEA;;AACAb,GAAG,CAACQ,GAAJ,CAAQ,GAAR,EAAa,UAACN,GAAD,EAAMC,GAAN;AAAA,SACXA,GAAG,CAACC,MAAJ,CAAW,GAAX,EAAgBC,IAAhB,CAAqB;AACnBC,IAAAA,OAAO,EAAE;AADU,GAArB,CADW;AAAA,CAAb;AAMA,IAAMQ,QAAQ,GAAGC,OAAO,CAACC,GAAR,CAAYF,QAAZ,IAAwB,WAAzC;AACA,IAAMG,IAAI,GAAGF,OAAO,CAACC,GAAR,CAAYE,IAAZ,IAAoB,IAAjC;AAEAlB,GAAG,CAACmB,MAAJ,CAAWF,IAAX,EAAiB,YAAM;AACrB;AACAG,EAAAA,OAAO,CAACC,GAAR,+BAAmCP,QAAnC,cAA+CG,IAA/C;AACD,CAHD;eAKejB,G","sourceRoot":"/Users/Lateefah Amuda/Desktop/pizza_place/src/","sourcesContent":["import \"babel-polyfill\";\nimport express from \"express\";\nimport bodyParser from \"body-parser\";\nimport cors from \"cors\";\nimport morgan from \"morgan\";\nimport dotenv from \"dotenv\";\nimport routes from \"./routes\";\n\ndotenv.config();\n\nconst app = express();\n\napp.get(\"/status\", (req, res) =>\n  res.status(200).json({ message: \"Welcome to pizza place\" })\n);\napp.enable(\"trust proxy\");\n// Enable Cross Origin Resource Sharing to all origins\napp.use(cors());\n\n// Log requests to the console.\nconst loggerFormat = '- [:date[web]] \":method :url\" :status :response-time';\n\napp.use(morgan(loggerFormat));\n\n// Parse incoming requests data\napp.use(bodyParser.json());\napp.use(bodyParser.urlencoded({ extended: false }));\n\n// Define Route\napp.use(\"/api/v1/\", routes);\n\n// error handlers\napp.use(\"*\", (req, res) =>\n  res.status(404).json({\n    message: \"Well, will you help build this route? 🤷🏼‍♂️\",\n  })\n);\n\nconst hostname = process.env.hostname || \"127.0.0.1\";\nconst port = process.env.PORT || 9000;\n\napp.listen(port, () => {\n  // eslint-disable-next-line no-console\n  console.log(`API is listening on ${hostname}:${port}`);\n});\n\nexport default app;\n"]},"_coverageSchema":"1a1c01bbd47fc00a2c39e90264f33305004495a9","hash":"f80886834b561ba24bcab7d9c11d98a9884ac602","contentHash":"f1b518f06c795a4cb6465ee56c9d9adeadc0755f6ab2805bd7ad280b1b5b98d7"},"/Users/Lateefah Amuda/Desktop/pizza_place/src/routes/index.js":{"path":"/Users/Lateefah Amuda/Desktop/pizza_place/src/routes/index.js","statementMap":{"0":{"start":{"line":3,"column":0},"end":{"line":5,"column":3}},"1":{"start":{"line":6,"column":0},"end":{"line":6,"column":28}},"2":{"start":{"line":8,"column":15},"end":{"line":8,"column":33}},"3":{"start":{"line":10,"column":13},"end":{"line":10,"column":35}},"4":{"start":{"line":11,"column":15},"end":{"line":11,"column":21}},"5":{"start":{"line":12,"column":0},"end":{"line":12,"column":30}}},"fnMap":{},"branchMap":{},"s":{"0":1,"1":1,"2":1,"3":1,"4":1,"5":1},"f":{},"b":{},"inputSourceMap":{"version":3,"sources":["index.js"],"names":["router"],"mappings":";;;;;;;AAAA;;AAEA,IAAMA,MAAM,GAAG,sBAAf;eAEeA,M","sourceRoot":"/Users/Lateefah Amuda/Desktop/pizza_place/src/routes/","sourcesContent":["import { Router } from \"express\";\n\nconst router = Router();\n\nexport default router;\n"]},"_coverageSchema":"1a1c01bbd47fc00a2c39e90264f33305004495a9","hash":"e1d66811d638a2dcedb722d4294b59e74d87f15c","contentHash":"d2b6a90ea80bbac4382c435c34fea14b18d2aaf731379cf752e9f6da677d2336"}}